This is e-upTeX, Version 3.14159265-p3.7.1-u1.21-161114-2.6 (utf8.uptex) (TeX Live 2016/Debian) (preloaded format=uplatex 2018.11.26)  8 FEB 2019 05:51
entering extended mode
 restricted \write18 enabled.
 %&-line parsing enabled.
**q
(/usr/share/texlive/texmf-dist/tex/latex/tools/q.tex
pLaTeX2e <2016/11/29u01> (based on LaTeX2e <2017/01/01> patch level 3)
Babel <3.9r> and hyphenation patterns for 83 language(s) loaded.
File ignored
)
! Emergency stop.
<*> q
     
*** (job aborted, no legal \end found)

 
Here is how much of TeX's memory you used:
 5 strings out of 493667
 154 string characters out of 6151380
 53962 words of memory out of 5000000
 3684 multiletter control sequences out of 15000+600000
 5975 words of font info for 31 fonts, out of 8000000 for 9000
 929 hyphenation exceptions out of 8191
 5i,0n,3p,81b,8s stack positions out of 5000i,500n,10000p,200000b,80000s
No pages of output.
